<?xml version="1.0" encoding="UTF-8"?>
<!-- Generated by org.testng.reporters.JUnitReportReporter -->
<testsuite skipped="0" hostname="Chay-Laptop" name="qalearning.AppiumTest" tests="2" failures="0" timestamp="2020-03-19T18:32:08 EDT" time="0.015" errors="0">
  <testcase name="IOSApps" time="0.013" classname="qalearning.AppiumTest"/>
  <testcase name="NativeAppAndroid" time="0.002" classname="qalearning.AppiumTest"/>
</testsuite> <!-- qalearning.AppiumTest -->
