<?xml version="1.0" encoding="UTF-8"?>
<!-- Generated by org.testng.reporters.JUnitReportReporter -->
<testsuite hostname="Chay-Laptop" failures="0" tests="2" name="qalearning.AppiumTest" time="0.001" errors="0" timestamp="2020-03-19T18:49:47 EDT" skipped="0">
  <testcase classname="qalearning.AppiumTest" name="IOSApps" time="0.000"/>
  <testcase classname="qalearning.AppiumTest" name="NativeAppAndroid" time="0.001"/>
</testsuite> <!-- qalearning.AppiumTest -->
