<?xml version="1.0" encoding="UTF-8"?>
<!-- Generated by org.testng.reporters.JUnitReportReporter -->
<testsuite hostname="Chay-Laptop" failures="0" tests="2" name="qalearning.RestAPITest" time="0.002" errors="0" timestamp="2020-03-19T18:50:06 EDT" skipped="0">
  <testcase classname="qalearning.RestAPITest" name="postJira" time="0.001"/>
  <testcase classname="qalearning.RestAPITest" name="deleteTwitter" time="0.001"/>
</testsuite> <!-- qalearning.RestAPITest -->
