<?xml version="1.0" encoding="UTF-8"?>
<!-- Generated by org.testng.reporters.JUnitReportReporter -->
<testsuite hostname="Chay-Laptop" failures="0" tests="2" name="qalearning.SeleniumTest" time="0.009" errors="0" timestamp="2020-03-19T18:50:06 EDT" skipped="0">
  <testcase classname="qalearning.SeleniumTest" name="browserAutomation" time="0.009"/>
  <testcase classname="qalearning.SeleniumTest" name="elementsUI" time="0.000"/>
</testsuite> <!-- qalearning.SeleniumTest -->
